<?xml version="1.0" encoding="UTF-8"?>
<!-- Generated by org.testng.reporters.JUnitReportReporter -->
<testsuite skipped="0" hostname="kamalraj-PC" name="com.qa.tests.LoginPageTest" tests="1" failures="0" timestamp="2020-03-03T09:23:05 IST" time="0.007" errors="0">
  <testcase name="loginPageTest" time="0.007" classname="com.qa.tests.LoginPageTest"/>
  <system-out/>
</testsuite> <!-- com.qa.tests.LoginPageTest -->
